{
  "stats": {
    "suites": 1,
    "tests": 12,
    "passes": 12,
    "pending": 0,
    "failures": 0,
    "start": "2020-04-24T10:04:10.104Z",
    "end": "2020-04-24T10:07:33.686Z",
    "duration": 203582,
    "testsRegistered": 12,
    "passPercent": 100,
    "pendingPercent": 0,
    "other": 0,
    "hasOther": false,
    "skipped": 0,
    "hasSkipped": false
  },
  "results": [
    {
      "uuid": "d22f4056-bb7d-457f-9a82-161b3ee2451c",
      "title": "",
      "fullFile": "",
      "file": "",
      "beforeHooks": [],
      "afterHooks": [],
      "tests": [],
      "suites": [
        {
          "uuid": "00fc86c1-19b2-4fe9-9afa-2bb04683e0b5",
          "title": "Micro:bit Test",
          "fullFile": "C:\\Users\\v-jianch.FAREAST\\Desktop\\MicroBit\\pxt\\tests\\ui-test\\src\\my-projects\\index.js",
          "file": "\\src\\my-projects\\index.js",
          "beforeHooks": [
            {
              "title": "\"before all\" hook",
              "fullTitle": "Micro:bit Test \"before all\" hook",
              "timedOut": false,
              "duration": 11240,
              "state": null,
              "speed": null,
              "pass": false,
              "fail": false,
              "pending": false,
              "context": null,
              "code": "var self = this, args = arguments; return new Promise(function (resolve, reject) { var gen = fn.apply(self, args); function _next(value) { asyncGeneratorStep(gen, resolve, reject, _next, _throw, \"next\", value); } function _throw(err) { asyncGeneratorStep(gen, resolve, reject, _next, _throw, \"throw\", err); } _next(undefined); });",
              "err": {},
              "uuid": "9dce59e4-295c-480a-abda-44f6cc85e7eb",
              "parentUUID": "00fc86c1-19b2-4fe9-9afa-2bb04683e0b5",
              "isHook": true,
              "skipped": false
            }
          ],
          "afterHooks": [
            {
              "title": "\"after all\" hook",
              "fullTitle": "Micro:bit Test \"after all\" hook",
              "timedOut": false,
              "duration": 1,
              "state": null,
              "speed": null,
              "pass": false,
              "fail": false,
              "pending": false,
              "context": null,
              "code": "_website.website.close();",
              "err": {},
              "uuid": "f6aa4389-0d11-4c6d-aaa6-c8b61d86f1a9",
              "parentUUID": "00fc86c1-19b2-4fe9-9afa-2bb04683e0b5",
              "isHook": true,
              "skipped": false
            }
          ],
          "tests": [
            {
              "title": "Start learning the Rock Paper Scissors",
              "fullTitle": "Micro:bit Test Start learning the Rock Paper Scissors",
              "timedOut": false,
              "duration": 20598,
              "state": "passed",
              "speed": "slow",
              "pass": true,
              "fail": false,
              "pending": false,
              "context": null,
              "code": "var self = this, args = arguments; return new Promise(function (resolve, reject) { var gen = fn.apply(self, args); function _next(value) { asyncGeneratorStep(gen, resolve, reject, _next, _throw, \"next\", value); } function _throw(err) { asyncGeneratorStep(gen, resolve, reject, _next, _throw, \"throw\", err); } _next(undefined); });",
              "err": {},
              "uuid": "da80654a-1107-4acc-aa86-27b6f5132fdb",
              "parentUUID": "00fc86c1-19b2-4fe9-9afa-2bb04683e0b5",
              "isHook": false,
              "skipped": false
            },
            {
              "title": "Start learning the Coin Flipper",
              "fullTitle": "Micro:bit Test Start learning the Coin Flipper",
              "timedOut": false,
              "duration": 14636,
              "state": "passed",
              "speed": "slow",
              "pass": true,
              "fail": false,
              "pending": false,
              "context": null,
              "code": "var self = this, args = arguments; return new Promise(function (resolve, reject) { var gen = fn.apply(self, args); function _next(value) { asyncGeneratorStep(gen, resolve, reject, _next, _throw, \"next\", value); } function _throw(err) { asyncGeneratorStep(gen, resolve, reject, _next, _throw, \"throw\", err); } _next(undefined); });",
              "err": {},
              "uuid": "0c3bac2e-4815-424d-bf07-3623bb9c1425",
              "parentUUID": "00fc86c1-19b2-4fe9-9afa-2bb04683e0b5",
              "isHook": false,
              "skipped": false
            },
            {
              "title": "Start learning the 7 Seconds",
              "fullTitle": "Micro:bit Test Start learning the 7 Seconds",
              "timedOut": false,
              "duration": 14570,
              "state": "passed",
              "speed": "slow",
              "pass": true,
              "fail": false,
              "pending": false,
              "context": null,
              "code": "var self = this, args = arguments; return new Promise(function (resolve, reject) { var gen = fn.apply(self, args); function _next(value) { asyncGeneratorStep(gen, resolve, reject, _next, _throw, \"next\", value); } function _throw(err) { asyncGeneratorStep(gen, resolve, reject, _next, _throw, \"throw\", err); } _next(undefined); });",
              "err": {},
              "uuid": "189f03c8-b497-4ec8-8635-1d2600e6636a",
              "parentUUID": "00fc86c1-19b2-4fe9-9afa-2bb04683e0b5",
              "isHook": false,
              "skipped": false
            },
            {
              "title": "Start learning the Hot Potato",
              "fullTitle": "Micro:bit Test Start learning the Hot Potato",
              "timedOut": false,
              "duration": 15745,
              "state": "passed",
              "speed": "slow",
              "pass": true,
              "fail": false,
              "pending": false,
              "context": null,
              "code": "var self = this, args = arguments; return new Promise(function (resolve, reject) { var gen = fn.apply(self, args); function _next(value) { asyncGeneratorStep(gen, resolve, reject, _next, _throw, \"next\", value); } function _throw(err) { asyncGeneratorStep(gen, resolve, reject, _next, _throw, \"throw\", err); } _next(undefined); });",
              "err": {},
              "uuid": "6022838c-0431-4db6-8518-a2517b326b57",
              "parentUUID": "00fc86c1-19b2-4fe9-9afa-2bb04683e0b5",
              "isHook": false,
              "skipped": false
            },
            {
              "title": "Start learning the Heads Guess!",
              "fullTitle": "Micro:bit Test Start learning the Heads Guess!",
              "timedOut": false,
              "duration": 17594,
              "state": "passed",
              "speed": "slow",
              "pass": true,
              "fail": false,
              "pending": false,
              "context": null,
              "code": "var self = this, args = arguments; return new Promise(function (resolve, reject) { var gen = fn.apply(self, args); function _next(value) { asyncGeneratorStep(gen, resolve, reject, _next, _throw, \"next\", value); } function _throw(err) { asyncGeneratorStep(gen, resolve, reject, _next, _throw, \"throw\", err); } _next(undefined); });",
              "err": {},
              "uuid": "519c83ba-776f-49a3-96a6-c7a8e766a58f",
              "parentUUID": "00fc86c1-19b2-4fe9-9afa-2bb04683e0b5",
              "isHook": false,
              "skipped": false
            },
            {
              "title": "Start learning the Reaction Time",
              "fullTitle": "Micro:bit Test Start learning the Reaction Time",
              "timedOut": false,
              "duration": 17963,
              "state": "passed",
              "speed": "slow",
              "pass": true,
              "fail": false,
              "pending": false,
              "context": null,
              "code": "var self = this, args = arguments; return new Promise(function (resolve, reject) { var gen = fn.apply(self, args); function _next(value) { asyncGeneratorStep(gen, resolve, reject, _next, _throw, \"next\", value); } function _throw(err) { asyncGeneratorStep(gen, resolve, reject, _next, _throw, \"throw\", err); } _next(undefined); });",
              "err": {},
              "uuid": "f7601b80-664a-4895-b47e-9ff6b339ac5e",
              "parentUUID": "00fc86c1-19b2-4fe9-9afa-2bb04683e0b5",
              "isHook": false,
              "skipped": false
            },
            {
              "title": "Start learning the Tug-Of-LED",
              "fullTitle": "Micro:bit Test Start learning the Tug-Of-LED",
              "timedOut": false,
              "duration": 16127,
              "state": "passed",
              "speed": "slow",
              "pass": true,
              "fail": false,
              "pending": false,
              "context": null,
              "code": "var self = this, args = arguments; return new Promise(function (resolve, reject) { var gen = fn.apply(self, args); function _next(value) { asyncGeneratorStep(gen, resolve, reject, _next, _throw, \"next\", value); } function _throw(err) { asyncGeneratorStep(gen, resolve, reject, _next, _throw, \"throw\", err); } _next(undefined); });",
              "err": {},
              "uuid": "944fc5ca-6ac7-4dcf-a236-63152bac4fc3",
              "parentUUID": "00fc86c1-19b2-4fe9-9afa-2bb04683e0b5",
              "isHook": false,
              "skipped": false
            },
            {
              "title": "Start learning the Magic Button Trick",
              "fullTitle": "Micro:bit Test Start learning the Magic Button Trick",
              "timedOut": false,
              "duration": 17963,
              "state": "passed",
              "speed": "slow",
              "pass": true,
              "fail": false,
              "pending": false,
              "context": null,
              "code": "var self = this, args = arguments; return new Promise(function (resolve, reject) { var gen = fn.apply(self, args); function _next(value) { asyncGeneratorStep(gen, resolve, reject, _next, _throw, \"next\", value); } function _throw(err) { asyncGeneratorStep(gen, resolve, reject, _next, _throw, \"throw\", err); } _next(undefined); });",
              "err": {},
              "uuid": "654fd8d1-c42e-4b04-9ecd-c018a6c63e9e",
              "parentUUID": "00fc86c1-19b2-4fe9-9afa-2bb04683e0b5",
              "isHook": false,
              "skipped": false
            },
            {
              "title": "Start learning the Snap The Dot",
              "fullTitle": "Micro:bit Test Start learning the Snap The Dot",
              "timedOut": false,
              "duration": 18027,
              "state": "passed",
              "speed": "slow",
              "pass": true,
              "fail": false,
              "pending": false,
              "context": null,
              "code": "var self = this, args = arguments; return new Promise(function (resolve, reject) { var gen = fn.apply(self, args); function _next(value) { asyncGeneratorStep(gen, resolve, reject, _next, _throw, \"next\", value); } function _throw(err) { asyncGeneratorStep(gen, resolve, reject, _next, _throw, \"throw\", err); } _next(undefined); });",
              "err": {},
              "uuid": "cc94b817-ad0b-42c6-b0f7-c5e89cccd893",
              "parentUUID": "00fc86c1-19b2-4fe9-9afa-2bb04683e0b5",
              "isHook": false,
              "skipped": false
            },
            {
              "title": "Start learning the Salute!",
              "fullTitle": "Micro:bit Test Start learning the Salute!",
              "timedOut": false,
              "duration": 17887,
              "state": "passed",
              "speed": "slow",
              "pass": true,
              "fail": false,
              "pending": false,
              "context": null,
              "code": "var self = this, args = arguments; return new Promise(function (resolve, reject) { var gen = fn.apply(self, args); function _next(value) { asyncGeneratorStep(gen, resolve, reject, _next, _throw, \"next\", value); } function _throw(err) { asyncGeneratorStep(gen, resolve, reject, _next, _throw, \"throw\", err); } _next(undefined); });",
              "err": {},
              "uuid": "a0f4472a-d39e-49e2-8109-49cdf555266d",
              "parentUUID": "00fc86c1-19b2-4fe9-9afa-2bb04683e0b5",
              "isHook": false,
              "skipped": false
            },
            {
              "title": "Start learning the Karel the LED",
              "fullTitle": "Micro:bit Test Start learning the Karel the LED",
              "timedOut": false,
              "duration": 10556,
              "state": "passed",
              "speed": "slow",
              "pass": true,
              "fail": false,
              "pending": false,
              "context": null,
              "code": "var self = this, args = arguments; return new Promise(function (resolve, reject) { var gen = fn.apply(self, args); function _next(value) { asyncGeneratorStep(gen, resolve, reject, _next, _throw, \"next\", value); } function _throw(err) { asyncGeneratorStep(gen, resolve, reject, _next, _throw, \"throw\", err); } _next(undefined); });",
              "err": {},
              "uuid": "e78ebccf-4640-4f5a-826a-52aed67b170d",
              "parentUUID": "00fc86c1-19b2-4fe9-9afa-2bb04683e0b5",
              "isHook": false,
              "skipped": false
            },
            {
              "title": "Start learning the Crashy Bird",
              "fullTitle": "Micro:bit Test Start learning the Crashy Bird",
              "timedOut": false,
              "duration": 10502,
              "state": "passed",
              "speed": "slow",
              "pass": true,
              "fail": false,
              "pending": false,
              "context": null,
              "code": "var self = this, args = arguments; return new Promise(function (resolve, reject) { var gen = fn.apply(self, args); function _next(value) { asyncGeneratorStep(gen, resolve, reject, _next, _throw, \"next\", value); } function _throw(err) { asyncGeneratorStep(gen, resolve, reject, _next, _throw, \"throw\", err); } _next(undefined); });",
              "err": {},
              "uuid": "2d8021b0-3ca2-4bd8-a442-8f1601c05f68",
              "parentUUID": "00fc86c1-19b2-4fe9-9afa-2bb04683e0b5",
              "isHook": false,
              "skipped": false
            }
          ],
          "suites": [],
          "passes": [
            "da80654a-1107-4acc-aa86-27b6f5132fdb",
            "0c3bac2e-4815-424d-bf07-3623bb9c1425",
            "189f03c8-b497-4ec8-8635-1d2600e6636a",
            "6022838c-0431-4db6-8518-a2517b326b57",
            "519c83ba-776f-49a3-96a6-c7a8e766a58f",
            "f7601b80-664a-4895-b47e-9ff6b339ac5e",
            "944fc5ca-6ac7-4dcf-a236-63152bac4fc3",
            "654fd8d1-c42e-4b04-9ecd-c018a6c63e9e",
            "cc94b817-ad0b-42c6-b0f7-c5e89cccd893",
            "a0f4472a-d39e-49e2-8109-49cdf555266d",
            "e78ebccf-4640-4f5a-826a-52aed67b170d",
            "2d8021b0-3ca2-4bd8-a442-8f1601c05f68"
          ],
          "failures": [],
          "pending": [],
          "skipped": [],
          "duration": 192168,
          "root": false,
          "rootEmpty": false,
          "_timeout": 100000
        }
      ],
      "passes": [],
      "failures": [],
      "pending": [],
      "skipped": [],
      "duration": 0,
      "root": true,
      "rootEmpty": true,
      "_timeout": 100000
    }
  ],
  "meta": {
    "mocha": {
      "version": "6.2.2"
    },
    "mochawesome": {
      "options": {
        "quiet": false,
        "reportFilename": "mochawesome",
        "saveHtml": true,
        "saveJson": true,
        "consoleReporter": "spec",
        "useInlineDiffs": false,
        "code": true
      },
      "version": "6.1.0"
    },
    "marge": {
      "options": null,
      "version": "5.1.0"
    }
  }
}