{
  "stats": {
    "suites": 1,
    "tests": 6,
    "passes": 1,
    "pending": 0,
    "failures": 5,
    "start": "2020-04-26T06:51:59.120Z",
    "end": "2020-04-26T06:52:32.758Z",
    "duration": 33638,
    "testsRegistered": 6,
    "passPercent": 16.666666666666664,
    "pendingPercent": 0,
    "other": 0,
    "hasOther": false,
    "skipped": 0,
    "hasSkipped": false
  },
  "results": [
    {
      "uuid": "c90a0c6a-acae-4e69-9a75-9d2d49f0670f",
      "title": "",
      "fullFile": "",
      "file": "",
      "beforeHooks": [],
      "afterHooks": [],
      "tests": [],
      "suites": [
        {
          "uuid": "67fde4a6-1d39-43d3-8f7d-9cd93fcf722b",
          "title": "Micro:bit Test",
          "fullFile": "C:\\Users\\v-jianch.FAREAST\\Desktop\\MicroBit\\pxt\\tests\\ui-test\\src\\my-projects\\index.js",
          "file": "\\src\\my-projects\\index.js",
          "beforeHooks": [
            {
              "title": "\"before all\" hook",
              "fullTitle": "Micro:bit Test \"before all\" hook",
              "timedOut": false,
              "duration": 10881,
              "state": null,
              "speed": null,
              "pass": false,
              "fail": false,
              "pending": false,
              "context": null,
              "code": "var self = this, args = arguments; return new Promise(function (resolve, reject) { var gen = fn.apply(self, args); function _next(value) { asyncGeneratorStep(gen, resolve, reject, _next, _throw, \"next\", value); } function _throw(err) { asyncGeneratorStep(gen, resolve, reject, _next, _throw, \"throw\", err); } _next(undefined); });",
              "err": {},
              "uuid": "840ab435-ff0b-4fa4-ba64-6088adeaa78d",
              "parentUUID": "67fde4a6-1d39-43d3-8f7d-9cd93fcf722b",
              "isHook": true,
              "skipped": false
            }
          ],
          "afterHooks": [
            {
              "title": "\"after all\" hook",
              "fullTitle": "Micro:bit Test \"after all\" hook",
              "timedOut": false,
              "duration": 1,
              "state": null,
              "speed": null,
              "pass": false,
              "fail": false,
              "pending": false,
              "context": null,
              "code": "_website.website.close();",
              "err": {},
              "uuid": "2a329985-37ec-4c08-baca-33d5d7f6e48e",
              "parentUUID": "67fde4a6-1d39-43d3-8f7d-9cd93fcf722b",
              "isHook": true,
              "skipped": false
            }
          ],
          "tests": [
            {
              "title": "Start learning the Love Meter",
              "fullTitle": "Micro:bit Test Start learning the Love Meter",
              "timedOut": false,
              "duration": 16377,
              "state": "passed",
              "speed": "slow",
              "pass": true,
              "fail": false,
              "pending": false,
              "context": null,
              "code": "var self = this, args = arguments; return new Promise(function (resolve, reject) { var gen = fn.apply(self, args); function _next(value) { asyncGeneratorStep(gen, resolve, reject, _next, _throw, \"next\", value); } function _throw(err) { asyncGeneratorStep(gen, resolve, reject, _next, _throw, \"throw\", err); } _next(undefined); });",
              "err": {},
              "uuid": "99a4a70c-d84a-4697-866e-60c991393651",
              "parentUUID": "67fde4a6-1d39-43d3-8f7d-9cd93fcf722b",
              "isHook": false,
              "skipped": false
            },
            {
              "title": "Start learning the Micro Chat",
              "fullTitle": "Micro:bit Test Start learning the Micro Chat",
              "timedOut": false,
              "duration": 1042,
              "state": "failed",
              "speed": null,
              "pass": false,
              "fail": true,
              "pending": false,
              "context": null,
              "code": "var self = this, args = arguments; return new Promise(function (resolve, reject) { var gen = fn.apply(self, args); function _next(value) { asyncGeneratorStep(gen, resolve, reject, _next, _throw, \"next\", value); } function _throw(err) { asyncGeneratorStep(gen, resolve, reject, _next, _throw, \"throw\", err); } _next(undefined); });",
              "err": {
                "message": "ElementNotInteractableError: element not interactable\n  (Session info: chrome=81.0.4044.122)",
                "estack": "ElementNotInteractableError: element not interactable\n  (Session info: chrome=81.0.4044.122)\n    at Object.throwDecodedError (node_modules\\selenium-webdriver\\lib\\error.js:550:15)\n    at parseHttpResponse (node_modules\\selenium-webdriver\\lib\\http.js:565:13)\n    at Executor.execute (node_modules\\selenium-webdriver\\lib\\http.js:491:26)\n    at process._tickCallback (internal/process/next_tick.js:68:7)",
                "diff": null
              },
              "uuid": "97a585c6-afa6-4367-9322-ca79b82ba7f3",
              "parentUUID": "67fde4a6-1d39-43d3-8f7d-9cd93fcf722b",
              "isHook": false,
              "skipped": false
            },
            {
              "title": "Start learning the Rock Paper Scissors",
              "fullTitle": "Micro:bit Test Start learning the Rock Paper Scissors",
              "timedOut": false,
              "duration": 1030,
              "state": "failed",
              "speed": null,
              "pass": false,
              "fail": true,
              "pending": false,
              "context": null,
              "code": "var self = this, args = arguments; return new Promise(function (resolve, reject) { var gen = fn.apply(self, args); function _next(value) { asyncGeneratorStep(gen, resolve, reject, _next, _throw, \"next\", value); } function _throw(err) { asyncGeneratorStep(gen, resolve, reject, _next, _throw, \"throw\", err); } _next(undefined); });",
              "err": {
                "message": "ElementNotInteractableError: element not interactable\n  (Session info: chrome=81.0.4044.122)",
                "estack": "ElementNotInteractableError: element not interactable\n  (Session info: chrome=81.0.4044.122)\n    at Object.throwDecodedError (node_modules\\selenium-webdriver\\lib\\error.js:550:15)\n    at parseHttpResponse (node_modules\\selenium-webdriver\\lib\\http.js:565:13)\n    at Executor.execute (node_modules\\selenium-webdriver\\lib\\http.js:491:26)\n    at process._tickCallback (internal/process/next_tick.js:68:7)",
                "diff": null
              },
              "uuid": "7b72a866-654a-42de-9e21-899cfec95cb0",
              "parentUUID": "67fde4a6-1d39-43d3-8f7d-9cd93fcf722b",
              "isHook": false,
              "skipped": false
            },
            {
              "title": "Start learning the Coin Flipper",
              "fullTitle": "Micro:bit Test Start learning the Coin Flipper",
              "timedOut": false,
              "duration": 1032,
              "state": "failed",
              "speed": null,
              "pass": false,
              "fail": true,
              "pending": false,
              "context": null,
              "code": "var self = this, args = arguments; return new Promise(function (resolve, reject) { var gen = fn.apply(self, args); function _next(value) { asyncGeneratorStep(gen, resolve, reject, _next, _throw, \"next\", value); } function _throw(err) { asyncGeneratorStep(gen, resolve, reject, _next, _throw, \"throw\", err); } _next(undefined); });",
              "err": {
                "message": "ElementNotInteractableError: element not interactable\n  (Session info: chrome=81.0.4044.122)",
                "estack": "ElementNotInteractableError: element not interactable\n  (Session info: chrome=81.0.4044.122)\n    at Object.throwDecodedError (node_modules\\selenium-webdriver\\lib\\error.js:550:15)\n    at parseHttpResponse (node_modules\\selenium-webdriver\\lib\\http.js:565:13)\n    at Executor.execute (node_modules\\selenium-webdriver\\lib\\http.js:491:26)\n    at process._tickCallback (internal/process/next_tick.js:68:7)",
                "diff": null
              },
              "uuid": "9f4e59cd-bf4e-42f8-9294-74fda17727d1",
              "parentUUID": "67fde4a6-1d39-43d3-8f7d-9cd93fcf722b",
              "isHook": false,
              "skipped": false
            },
            {
              "title": "Start learning the 7 Seconds",
              "fullTitle": "Micro:bit Test Start learning the 7 Seconds",
              "timedOut": false,
              "duration": 1043,
              "state": "failed",
              "speed": null,
              "pass": false,
              "fail": true,
              "pending": false,
              "context": null,
              "code": "var self = this, args = arguments; return new Promise(function (resolve, reject) { var gen = fn.apply(self, args); function _next(value) { asyncGeneratorStep(gen, resolve, reject, _next, _throw, \"next\", value); } function _throw(err) { asyncGeneratorStep(gen, resolve, reject, _next, _throw, \"throw\", err); } _next(undefined); });",
              "err": {
                "message": "ElementNotInteractableError: element not interactable\n  (Session info: chrome=81.0.4044.122)",
                "estack": "ElementNotInteractableError: element not interactable\n  (Session info: chrome=81.0.4044.122)\n    at Object.throwDecodedError (node_modules\\selenium-webdriver\\lib\\error.js:550:15)\n    at parseHttpResponse (node_modules\\selenium-webdriver\\lib\\http.js:565:13)\n    at Executor.execute (node_modules\\selenium-webdriver\\lib\\http.js:491:26)\n    at process._tickCallback (internal/process/next_tick.js:68:7)",
                "diff": null
              },
              "uuid": "c47ba30c-99d1-4b0d-877f-12686ac79816",
              "parentUUID": "67fde4a6-1d39-43d3-8f7d-9cd93fcf722b",
              "isHook": false,
              "skipped": false
            },
            {
              "title": "Start learning the Hot Potato",
              "fullTitle": "Micro:bit Test Start learning the Hot Potato",
              "timedOut": false,
              "duration": 2084,
              "state": "failed",
              "speed": null,
              "pass": false,
              "fail": true,
              "pending": false,
              "context": null,
              "code": "var self = this, args = arguments; return new Promise(function (resolve, reject) { var gen = fn.apply(self, args); function _next(value) { asyncGeneratorStep(gen, resolve, reject, _next, _throw, \"next\", value); } function _throw(err) { asyncGeneratorStep(gen, resolve, reject, _next, _throw, \"throw\", err); } _next(undefined); });",
              "err": {
                "message": "ElementClickInterceptedError: element click intercepted: Element <div class=\"ui card  link example\" aria-label=\"Hot Potato\" tabindex=\"-1\">...</div> is not clickable at point (57, 736). Other element would receive the click: <i class=\"icon circle angle left \" aria-hidden=\"true\" role=\"presentation\"></i>\n  (Session info: chrome=81.0.4044.122)",
                "estack": "ElementClickInterceptedError: element click intercepted: Element <div class=\"ui card  link example\" aria-label=\"Hot Potato\" tabindex=\"-1\">...</div> is not clickable at point (57, 736). Other element would receive the click: <i class=\"icon circle angle left \" aria-hidden=\"true\" role=\"presentation\"></i>\n  (Session info: chrome=81.0.4044.122)\n    at Object.throwDecodedError (node_modules\\selenium-webdriver\\lib\\error.js:550:15)\n    at parseHttpResponse (node_modules\\selenium-webdriver\\lib\\http.js:565:13)\n    at Executor.execute (node_modules\\selenium-webdriver\\lib\\http.js:491:26)\n    at process._tickCallback (internal/process/next_tick.js:68:7)",
                "diff": null
              },
              "uuid": "56694363-4a7b-4a63-ad2d-2f53125528f0",
              "parentUUID": "67fde4a6-1d39-43d3-8f7d-9cd93fcf722b",
              "isHook": false,
              "skipped": false
            }
          ],
          "suites": [],
          "passes": [
            "99a4a70c-d84a-4697-866e-60c991393651"
          ],
          "failures": [
            "97a585c6-afa6-4367-9322-ca79b82ba7f3",
            "7b72a866-654a-42de-9e21-899cfec95cb0",
            "9f4e59cd-bf4e-42f8-9294-74fda17727d1",
            "c47ba30c-99d1-4b0d-877f-12686ac79816",
            "56694363-4a7b-4a63-ad2d-2f53125528f0"
          ],
          "pending": [],
          "skipped": [],
          "duration": 22608,
          "root": false,
          "rootEmpty": false,
          "_timeout": 100000
        }
      ],
      "passes": [],
      "failures": [],
      "pending": [],
      "skipped": [],
      "duration": 0,
      "root": true,
      "rootEmpty": true,
      "_timeout": 100000
    }
  ],
  "meta": {
    "mocha": {
      "version": "6.2.2"
    },
    "mochawesome": {
      "options": {
        "quiet": false,
        "reportFilename": "mochawesome",
        "saveHtml": true,
        "saveJson": true,
        "consoleReporter": "spec",
        "useInlineDiffs": false,
        "code": true
      },
      "version": "6.1.0"
    },
    "marge": {
      "options": null,
      "version": "5.1.0"
    }
  }
}